<?xml version="1.0" encoding="UTF-8"?>
<testsuite xmlns:xsi="http://www.w3.org/2001/XMLSchema-instance" xsi:noNamespaceSchemaLocation="https://maven.apache.org/surefire/maven-surefire-plugin/xsd/surefire-test-report-3.0.xsd" version="3.0" name="com.avangenio.RunCucumberTest" time="0.279" tests="2" errors="0" skipped="0" failures="0">
  <properties>
[...]
</properties>
  <testcase name="Example #1" classname="Examples" time="0.098">
    <system-out><![CDATA[
@Public_leak_file
Scenario Outline: This scenario will test for correct format in a text file  &amp#27;[90m# com/avangenio/Java_Code_Test.feature:13&amp#27;[0m
  &amp#27;[32mGiven &amp#27;[0m&amp#27;[32mthis "&amp#27;[0m&amp#27;[32m&amp#27;[1minput&amp#27;[0m&amp#27;[32m" with an extension "&amp#27;[0m&amp#27;[32m&amp#27;[1m.txt&amp#27;[0m&amp#27;[32m" in the path "&amp#27;[0m&amp#27;[32m&amp#27;[1mC:/&amp#27;[0m&amp#27;[32m"&amp#27;[0m              &amp#27;[90m# com.avangenio.StepDefinitions.thisFileWithAnExtension(java.lang.String,java.lang.String,java.lang.String)&amp#27;[0m
  &amp#27;[32mWhen &amp#27;[0m&amp#27;[32mfound "&amp#27;[0m&amp#27;[32m&amp#27;[1mf1&amp#27;[0m&amp#27;[32m"&amp#27;[0m                                                            &amp#27;[90m# com.avangenio.StepDefinitions.found(java.lang.String)&amp#27;[0m
  &amp#27;[32mThen &amp#27;[0m&amp#27;[32mdivider is "&amp#27;[0m&amp#27;[32m&amp#27;[1m,&amp#27;[0m&amp#27;[32m"&amp#27;[0m                                                        &amp#27;[90m# com.avangenio.StepDefinitions.dividerIs(java.lang.String)&amp#27;[0m
  &amp#27;[32mAnd &amp#27;[0m&amp#27;[32mID format must be like "&amp#27;[0m&amp#27;[32m&amp#27;[1m[0-9][0-9][0-9][0-9][0-9][0-9][0-9][0-9][A-Z]&amp#27;[0m&amp#27;[32m"&amp#27;[0m &amp#27;[90m# com.avangenio.StepDefinitions.iDFormatMustBeLike(java.lang.String)&amp#27;[0m
]]></system-out>
  </testcase>
  <testcase name="Example #2" classname="Examples" time="0.023">
    <system-out><![CDATA[
@Public_leak_file
Scenario Outline: This scenario will test for correct format in a text file   &amp#27;[90m# com/avangenio/Java_Code_Test.feature:14&amp#27;[0m
  &amp#27;[32mGiven &amp#27;[0m&amp#27;[32mthis "&amp#27;[0m&amp#27;[32m&amp#27;[1minput&amp#27;[0m&amp#27;[32m" with an extension "&amp#27;[0m&amp#27;[32m&amp#27;[1m.txt&amp#27;[0m&amp#27;[32m" in the path "&amp#27;[0m&amp#27;[32m&amp#27;[1mC:/&amp#27;[0m&amp#27;[32m"&amp#27;[0m               &amp#27;[90m# com.avangenio.StepDefinitions.thisFileWithAnExtension(java.lang.String,java.lang.String,java.lang.String)&amp#27;[0m
  &amp#27;[32mWhen &amp#27;[0m&amp#27;[32mfound "&amp#27;[0m&amp#27;[32m&amp#27;[1mf2&amp#27;[0m&amp#27;[32m"&amp#27;[0m                                                             &amp#27;[90m# com.avangenio.StepDefinitions.found(java.lang.String)&amp#27;[0m
  &amp#27;[32mThen &amp#27;[0m&amp#27;[32mdivider is "&amp#27;[0m&amp#27;[32m&amp#27;[1m;&amp#27;[0m&amp#27;[32m"&amp#27;[0m                                                         &amp#27;[90m# com.avangenio.StepDefinitions.dividerIs(java.lang.String)&amp#27;[0m
  &amp#27;[32mAnd &amp#27;[0m&amp#27;[32mID format must be like "&amp#27;[0m&amp#27;[32m&amp#27;[1m[0-9][0-9][0-9][0-9][0-9][0-9][0-9][0-9]-[A-Z]&amp#27;[0m&amp#27;[32m"&amp#27;[0m &amp#27;[90m# com.avangenio.StepDefinitions.iDFormatMustBeLike(java.lang.String)&amp#27;[0m
]]></system-out>
  </testcase>
</testsuite>